
Showing logs for build [32mcb-kubecd-environment-pr-192-17-6z5x2-1[0m stage [32mfrom-build-pack[0m and container [32mstep-credential-initializer-jr49w[0m
{"level":"warn","ts":1585696143.489723,"logger":"fallback-logger","caller":"logging/config.go:69","msg":"Fetch GitHub commit ID from kodata failed: \"ref: refs/heads/0.8.0-**-support-backwards-incompats\" is not a valid GitHub commit ID"}
{"level":"info","ts":1585696143.4903684,"logger":"fallback-logger","caller":"creds-init/main.go:40","msg":"Credentials initialized."}

Showing logs for build [32mcb-kubecd-environment-pr-192-17-6z5x2-1[0m stage [32mfrom-build-pack[0m and container [32mstep-working-dir-initializer-wm4zm[0m
{"level":"warn","ts":1585696144.8580892,"logger":"fallback-logger","caller":"logging/config.go:69","msg":"Fetch GitHub commit ID from kodata failed: open /var/run/ko/HEAD: no such file or directory"}
{"level":"info","ts":1585696144.8601978,"logger":"fallback-logger","caller":"bash/main.go:64","msg":"Successfully executed command \"sh -c mkdir -p /workspace/source\"; output "}

Showing logs for build [32mcb-kubecd-environment-pr-192-17-6z5x2-1[0m stage [32mfrom-build-pack[0m and container [32mstep-place-tools[0m

Showing logs for build [32mcb-kubecd-environment-pr-192-17-6z5x2-1[0m stage [32mfrom-build-pack[0m and container [32mstep-git-source-cb-kubecd-environment-pr-192-17-6z5x2-v22wt[0m
{"level":"warn","ts":1585696148.957558,"logger":"fallback-logger","caller":"logging/config.go:69","msg":"Fetch GitHub commit ID from kodata failed: \"ref: refs/heads/0.8.0-**-support-backwards-incompats\" is not a valid GitHub commit ID"}
{"level":"info","ts":1585696149.9896953,"logger":"fallback-logger","caller":"git/git.go:103","msg":"Successfully cloned https://github.com/cb-kubecd/environment-pr-192-17-boot-gke-staging.git @ master in path /workspace/source"}

Showing logs for build [32mcb-kubecd-environment-pr-192-17-6z5x2-1[0m stage [32mfrom-build-pack[0m and container [32mstep-git-merge[0m
Using SHAs from PULL_REFS=master:a29e1b7c70bb881305995f82426ddb21c9e044bf,4:9e1270a11f90ee190aecc2f3ed313d2352ed6d6d
DEBUG: LC_ALL=C JX_LOG_LEVEL=error git fetch origin --unshallow 9e1270a11f90ee190aecc2f3ed313d2352ed6d6d: a29e1b7c70bb881305995f82426ddb21c9e044bf:
DEBUG: ran git fetch --unshallow origin 9e1270a11f90ee190aecc2f3ed313d2352ed6d6d: a29e1b7c70bb881305995f82426ddb21c9e044bf: in 
DEBUG: LC_ALL=C JX_LOG_LEVEL=error git branch
DEBUG: LC_ALL=C JX_LOG_LEVEL=error git checkout master
DEBUG: ran git checkout master in 
DEBUG: LC_ALL=C JX_LOG_LEVEL=error git reset --hard a29e1b7c70bb881305995f82426ddb21c9e044bf
DEBUG: ran git reset --hard a29e1b7c70bb881305995f82426ddb21c9e044bf in 
DEBUG: LC_ALL=C JX_LOG_LEVEL=error git clean -fd .
DEBUG: ran clean --force -d . in 
DEBUG: LC_ALL=C JX_LOG_LEVEL=error git merge 9e1270a11f90ee190aecc2f3ed313d2352ed6d6d
DEBUG: ran git merge 9e1270a11f90ee190aecc2f3ed313d2352ed6d6d in 
DEBUG: JX_LOG_LEVEL=error LC_ALL=C git log --format=%H%x1f%an%x1f%ae%x1f%cn%x1f%ce%x1f%s%n%b%x1e a29e1b7c70bb881305995f82426ddb21c9e044bf..HEAD
Merged SHA 9e1270a11f90ee190aecc2f3ed313d2352ed6d6d with commit message 'chore: Promote bdd-sbhg-1585694557 to version 0.0.1' into base branch master

Showing logs for build [32mcb-kubecd-environment-pr-192-17-6z5x2-1[0m stage [32mfrom-build-pack[0m and container [32mstep-build-helm-build[0m
WARNING: No $CHART_REPOSITORY defined so using the default value of: http://jenkins-x-chartmuseum:8080
Adding missing Helm repo: storage.googleapis.com https://storage.googleapis.com/chartmuseum.jenkins-x.io
WARNING: No secrets found on "helm/repos" due: reading the secret "helm/repos" from vault: no secret "helm/repos" not found in vault
Read credentials for https://storage.googleapis.com/chartmuseum.jenkins-x.io from vault helm/repos
Successfully added Helm repository storage.googleapis.com.
Adding missing Helm repo: jenkins-x-chartmuseum http://jenkins-x-chartmuseum:8080
WARNING: No secrets found on "helm/repos" due: reading the secret "helm/repos" from vault: no secret "helm/repos" not found in vault
Read credentials for http://jenkins-x-chartmuseum:8080 from vault helm/repos
Successfully added Helm repository jenkins-x-chartmuseum.
WARNING: No $CHART_REPOSITORY defined so using the default value of: http://jenkins-x-chartmuseum:8080
Adding missing Helm repo: chartmuseum.jenkins-x.io http://chartmuseum.jenkins-x.io
WARNING: No secrets found on "helm/repos" due: reading the secret "helm/repos" from vault: no secret "helm/repos" not found in vault
Read credentials for http://chartmuseum.jenkins-x.io from vault helm/repos
Successfully added Helm repository chartmuseum.jenkins-x.io.
