
Showing logs for build [32mcb-kubecd-environment-pr-192-17-k689h-1[0m stage [32mfrom-build-pack[0m and container [32mstep-credential-initializer-87lhz[0m
{"level":"warn","ts":1585698521.4151278,"logger":"fallback-logger","caller":"logging/config.go:69","msg":"Fetch GitHub commit ID from kodata failed: \"ref: refs/heads/0.8.0-**-support-backwards-incompats\" is not a valid GitHub commit ID"}
{"level":"info","ts":1585698521.4159186,"logger":"fallback-logger","caller":"creds-init/main.go:40","msg":"Credentials initialized."}

Showing logs for build [32mcb-kubecd-environment-pr-192-17-k689h-1[0m stage [32mfrom-build-pack[0m and container [32mstep-working-dir-initializer-jdh5z[0m
{"level":"warn","ts":1585698521.8992956,"logger":"fallback-logger","caller":"logging/config.go:69","msg":"Fetch GitHub commit ID from kodata failed: open /var/run/ko/HEAD: no such file or directory"}
{"level":"info","ts":1585698521.9011097,"logger":"fallback-logger","caller":"bash/main.go:64","msg":"Successfully executed command \"sh -c mkdir -p /workspace/source\"; output "}

Showing logs for build [32mcb-kubecd-environment-pr-192-17-k689h-1[0m stage [32mfrom-build-pack[0m and container [32mstep-place-tools[0m

Showing logs for build [32mcb-kubecd-environment-pr-192-17-k689h-1[0m stage [32mfrom-build-pack[0m and container [32mstep-git-source-cb-kubecd-environment-pr-192-17-k689h-nzcw8[0m
{"level":"warn","ts":1585698526.0487106,"logger":"fallback-logger","caller":"logging/config.go:69","msg":"Fetch GitHub commit ID from kodata failed: \"ref: refs/heads/0.8.0-**-support-backwards-incompats\" is not a valid GitHub commit ID"}
{"level":"info","ts":1585698527.1095068,"logger":"fallback-logger","caller":"git/git.go:103","msg":"Successfully cloned https://github.com/cb-kubecd/environment-pr-192-17-boot-gke-staging.git @ master in path /workspace/source"}

Showing logs for build [32mcb-kubecd-environment-pr-192-17-k689h-1[0m stage [32mfrom-build-pack[0m and container [32mstep-git-merge[0m
Using SHAs from PULL_REFS=master:517da48d5fb9611e64df674a4f534cda6dadb17b,8:4ae28dfc2a73948be219b0befdf55213978044ea
DEBUG: LC_ALL=C JX_LOG_LEVEL=error git fetch origin --unshallow 4ae28dfc2a73948be219b0befdf55213978044ea: 517da48d5fb9611e64df674a4f534cda6dadb17b:
DEBUG: ran git fetch --unshallow origin 4ae28dfc2a73948be219b0befdf55213978044ea: 517da48d5fb9611e64df674a4f534cda6dadb17b: in 
DEBUG: JX_LOG_LEVEL=error LC_ALL=C git branch
DEBUG: LC_ALL=C JX_LOG_LEVEL=error git checkout master
DEBUG: ran git checkout master in 
DEBUG: LC_ALL=C JX_LOG_LEVEL=error git reset --hard 517da48d5fb9611e64df674a4f534cda6dadb17b
DEBUG: ran git reset --hard 517da48d5fb9611e64df674a4f534cda6dadb17b in 
DEBUG: LC_ALL=C JX_LOG_LEVEL=error git clean -fd .
DEBUG: ran clean --force -d . in 
DEBUG: LC_ALL=C JX_LOG_LEVEL=error git merge 4ae28dfc2a73948be219b0befdf55213978044ea
DEBUG: ran git merge 4ae28dfc2a73948be219b0befdf55213978044ea in 
DEBUG: LC_ALL=C JX_LOG_LEVEL=error git log --format=%H%x1f%an%x1f%ae%x1f%cn%x1f%ce%x1f%s%n%b%x1e 517da48d5fb9611e64df674a4f534cda6dadb17b..HEAD
Merged SHA 4ae28dfc2a73948be219b0befdf55213978044ea with commit message 'chore: Promote bdd-sbrp-import-1585696717 to version 0.0.1' into base branch master

Showing logs for build [32mcb-kubecd-environment-pr-192-17-k689h-1[0m stage [32mfrom-build-pack[0m and container [32mstep-build-helm-build[0m
WARNING: No $CHART_REPOSITORY defined so using the default value of: http://jenkins-x-chartmuseum:8080
Adding missing Helm repo: storage.googleapis.com https://storage.googleapis.com/chartmuseum.jenkins-x.io
WARNING: No secrets found on "helm/repos" due: reading the secret "helm/repos" from vault: no secret "helm/repos" not found in vault
Read credentials for https://storage.googleapis.com/chartmuseum.jenkins-x.io from vault helm/repos
Successfully added Helm repository storage.googleapis.com.
Adding missing Helm repo: jenkins-x-chartmuseum http://jenkins-x-chartmuseum:8080
WARNING: No secrets found on "helm/repos" due: reading the secret "helm/repos" from vault: no secret "helm/repos" not found in vault
Read credentials for http://jenkins-x-chartmuseum:8080 from vault helm/repos
Successfully added Helm repository jenkins-x-chartmuseum.
WARNING: No $CHART_REPOSITORY defined so using the default value of: http://jenkins-x-chartmuseum:8080
Adding missing Helm repo: chartmuseum.jenkins-x.io http://chartmuseum.jenkins-x.io
WARNING: No secrets found on "helm/repos" due: reading the secret "helm/repos" from vault: no secret "helm/repos" not found in vault
Read credentials for http://chartmuseum.jenkins-x.io from vault helm/repos
Successfully added Helm repository chartmuseum.jenkins-x.io.
